{
  "RSpec": {
    "coverage": {
      "C:/Users/SCH/git/ciscochef/app/helpers/application_helper.rb": [
        1,
        null
      ],
      "C:/Users/SCH/git/ciscochef/app/controllers/application_controller.rb": [
        1,
        null,
        null,
        1,
        1,
        null,
        1,
        1,
        null,
        null,
        1,
        1,
        null,
        null,
        1,
        1,
        1,
        null,
        1,
        1,
        1,
        1,
        null,
        1,
        null,
        1,
        1,
        1,
        1,
        null,
        1,
        1,
        1,
        null,
        null
      ]
    },
    "timestamp": 1390974238
  }
}
