{
  "RSpec": {
    "coverage": {
      "C:/Users/samhua/git/ciscochef-samhua/app/helpers/application_helper.rb": [
        null,
        null,
        null,
        1,
        null
      ],
      "C:/Users/samhua/git/ciscochef-samhua/app/controllers/application_controller.rb": [
        null,
        null,
        1,
        null,
        null,
        1,
        null,
        null,
        1,
        null,
        null,
        1,
        1,
        null,
        null,
        null,
        1,
        1,
        null,
        null,
        null,
        null,
        null,
        null,
        null,
        1,
        1,
        1,
        1,
        1,
        1,
        null,
        1,
        1,
        1,
        1,
        null,
        1,
        null,
        1,
        1,
        1,
        1,
        null,
        1,
        1,
        1,
        null,
        null
      ]
    },
    "timestamp": 1391205742
  }
}
